2025-09-30 13:27:25,480 - INFO - --- Application starting. ---
2025-09-30 13:27:25,482 - INFO - --- Pipeline run started. ---
2025-09-30 13:27:25,487 - INFO - Running HISTORICAL data load from 2025-04-03 to 2025-09-29.
2025-09-30 13:27:25,487 - INFO - Fetching weather data for New York from 2025-04-03 to 2025-09-29
2025-09-30 13:27:25,488 - INFO - Fetching weather data for New York from 2025-04-03 to 2025-09-29
2025-09-30 13:27:28,239 - INFO - Successfully fetched weather data for New York.
2025-09-30 13:27:28,239 - INFO - Successfully fetched weather data for New York.
2025-09-30 13:27:28,264 - INFO - Fetching weather data for Chicago from 2025-04-03 to 2025-09-29
2025-09-30 13:27:28,265 - INFO - Fetching weather data for Chicago from 2025-04-03 to 2025-09-29
2025-09-30 13:27:59,273 - WARNING - Request failed: HTTPSConnectionPool(host='www.ncdc.noaa.gov', port=443): Read timed out. (read timeout=30). Retrying in 2.00 seconds...
2025-09-30 13:28:07,585 - INFO - Successfully fetched weather data for Chicago.
2025-09-30 13:28:07,586 - INFO - Successfully fetched weather data for Chicago.
2025-09-30 13:28:07,602 - INFO - Fetching weather data for Houston from 2025-04-03 to 2025-09-29
2025-09-30 13:28:07,602 - INFO - Fetching weather data for Houston from 2025-04-03 to 2025-09-29
2025-09-30 13:28:10,940 - INFO - Successfully fetched weather data for Houston.
2025-09-30 13:28:10,952 - INFO - Successfully fetched weather data for Houston.
2025-09-30 13:28:10,971 - INFO - Fetching weather data for Phoenix from 2025-04-03 to 2025-09-29
2025-09-30 13:28:10,975 - INFO - Fetching weather data for Phoenix from 2025-04-03 to 2025-09-29
2025-09-30 13:28:13,801 - INFO - Successfully fetched weather data for Phoenix.
2025-09-30 13:28:13,801 - INFO - Successfully fetched weather data for Phoenix.
2025-09-30 13:28:13,809 - INFO - Fetching weather data for Seattle from 2025-04-03 to 2025-09-29
2025-09-30 13:28:13,810 - INFO - Fetching weather data for Seattle from 2025-04-03 to 2025-09-29
2025-09-30 13:28:22,325 - INFO - Successfully fetched weather data for Seattle.
2025-09-30 13:28:22,325 - INFO - Successfully fetched weather data for Seattle.
2025-09-30 13:28:22,333 - INFO - Fetching energy data for New York from 2025-04-03 to 2025-09-29
2025-09-30 13:28:57,250 - INFO - Successfully fetched energy data for New York.
2025-09-30 13:28:57,322 - INFO - Fetching energy data for Chicago from 2025-04-03 to 2025-09-29
2025-09-30 13:29:14,485 - INFO - Successfully fetched energy data for Chicago.
2025-09-30 13:29:14,546 - INFO - Fetching energy data for Houston from 2025-04-03 to 2025-09-29
2025-09-30 13:29:32,497 - INFO - Successfully fetched energy data for Houston.
2025-09-30 13:29:32,564 - INFO - Fetching energy data for Phoenix from 2025-04-03 to 2025-09-29
2025-09-30 13:29:49,204 - INFO - Successfully fetched energy data for Phoenix.
2025-09-30 13:29:49,286 - INFO - Fetching energy data for Seattle from 2025-04-03 to 2025-09-29
2025-09-30 13:30:06,242 - INFO - Successfully fetched energy data for Seattle.
2025-09-30 13:30:06,326 - INFO - Data Quality Report: {'missing_values': {'date': 0, 'temp_max_f': 15, 'temp_min_f': 15, 'city': 0, 'energy_demand_gwh': 0, 'temp_avg_f': 15}, 'temp_outliers_count': 0, 'negative_energy_count': 0, 'latest_data_date': '2025-09-29', 'days_since_latest_data': 1}
2025-09-30 13:30:06,326 - INFO - Final Data Quality Report: {'missing_values': {'date': 0, 'temp_max_f': 15, 'temp_min_f': 15, 'city': 0, 'energy_demand_gwh': 0, 'temp_avg_f': 15}, 'temp_outliers_count': 0, 'negative_energy_count': 0, 'latest_data_date': '2025-09-29', 'days_since_latest_data': 1}
2025-09-30 13:30:06,335 - INFO - Pipeline finished. Processed data saved to data/processed/weather_energy_data.csv
2025-09-30 13:30:06,335 - INFO - Data Quality Report: {'missing_values': {'date': 0, 'temp_max_f': 15, 'temp_min_f': 15, 'city': 0, 'energy_demand_gwh': 0, 'temp_avg_f': 15}, 'temp_outliers_count': 0, 'negative_energy_count': 0, 'latest_data_date': '2025-09-29', 'days_since_latest_data': 1}
2025-09-30 13:30:06,338 - INFO - Final Data Quality Report: {'missing_values': {'date': 0, 'temp_max_f': 15, 'temp_min_f': 15, 'city': 0, 'energy_demand_gwh': 0, 'temp_avg_f': 15}, 'temp_outliers_count': 0, 'negative_energy_count': 0, 'latest_data_date': '2025-09-29', 'days_since_latest_data': 1}
2025-09-30 13:30:06,344 - INFO - Pipeline finished. Processed data saved to data/processed/weather_energy_data.csv
2025-09-30 13:30:06,347 - INFO - --- Pipeline execution completed successfully. ---
